<?xml version="1.0" encoding="UTF-8"?>
<!-- Generated by org.testng.reporters.JUnitReportReporter -->
<testsuite hostname="gadiraju" name="com.test.DataProviderClass" tests="2" failures="0" timestamp="7 May 2018 23:22:17 GMT" time="0.002" errors="0">
  <testcase name="loginTest" time="0.001" classname="com.test.DataProviderClass"/>
  <testcase name="loginTest" time="0.001" classname="com.test.DataProviderClass"/>
</testsuite> <!-- com.test.DataProviderClass -->
