<?xml version="1.0" encoding="UTF-8"?>
<!-- Generated by org.testng.reporters.JUnitReportReporter -->
<testsuite hostname="gadiraju" name="com.test.ParameterizedTest" tests="1" failures="0" timestamp="8 May 2018 00:05:14 GMT" time="0.087" errors="0">
  <testcase name="parameterizedTest" time="0.087" classname="com.test.ParameterizedTest"/>
</testsuite> <!-- com.test.ParameterizedTest -->
