<?xml version="1.0" encoding="UTF-8"?>
<!-- Generated by org.testng.reporters.JUnitReportReporter -->
<testsuite hostname="gadiraju" name="com.test.HomePageTest1" tests="4" failures="0" timestamp="6 May 2018 19:25:49 GMT" time="0.110" errors="0">
  <testcase name="recordingsTest" time="0.003" classname="com.test.HomePageTest1"/>
  <testcase name="logoutTest" time="0.011" classname="com.test.HomePageTest1"/>
  <testcase name="loginTest" time="0.092" classname="com.test.HomePageTest1"/>
  <testcase name="presentationsTest" time="0.004" classname="com.test.HomePageTest1"/>
</testsuite> <!-- com.test.HomePageTest1 -->
