<?xml version="1.0" encoding="UTF-8"?>
<!-- Generated by org.testng.reporters.JUnitReportReporter -->
<testsuite skipped="0" hostname="gadiraju" name="com.test.PriorityTest" tests="2" failures="0" timestamp="09 May 2018 18:02:13 GMT" time="0.068" errors="0">
  <testcase name="zAlphaOrder" time="0.063" classname="com.test.PriorityTest"/>
  <testcase name="aAlphaOrder" time="0.005" classname="com.test.PriorityTest"/>
</testsuite> <!-- com.test.PriorityTest -->
