<?xml version="1.0" encoding="UTF-8"?>
<!-- Generated by org.testng.reporters.JUnitReportReporter -->
<testsuite hostname="gadiraju" name="com.test.TestNGExpectedExceptionsTest" tests="1" failures="0" timestamp="8 May 2018 00:36:49 GMT" time="0.158" errors="0">
  <testcase name="testexception" time="0.158" classname="com.test.TestNGExpectedExceptionsTest"/>
</testsuite> <!-- com.test.TestNGExpectedExceptionsTest -->
