<?xml version="1.0" encoding="UTF-8"?>
<!-- Generated by org.testng.reporters.JUnitReportReporter -->
<testsuite hostname="gadiraju" name="com.test.CalculatorTest" tests="3" failures="0" timestamp="6 May 2018 18:36:15 GMT" time="0.070" errors="0">
  <testcase name="doCalcTest1" time="0.009" classname="com.test.CalculatorTest"/>
  <testcase name="doCalcTest1" time="0.009" classname="com.test.CalculatorTest"/>
  <testcase name="doCalcTest1" time="0.052" classname="com.test.CalculatorTest"/>
</testsuite> <!-- com.test.CalculatorTest -->
