<?xml version="1.0" encoding="UTF-8"?>
<!-- Generated by org.testng.reporters.JUnitReportReporter -->
<testsuite hostname="gadiraju" name="com.test.PrimeNumberTest" tests="5" failures="0" timestamp="8 May 2018 00:27:35 GMT" time="0.137" errors="0">
  <testcase name="isPrime1" time="0.075" classname="com.test.PrimeNumberTest"/>
  <testcase name="isPrime5" time="0.031" classname="com.test.PrimeNumberTest"/>
  <testcase name="isPrime3" time="0.014" classname="com.test.PrimeNumberTest"/>
  <testcase name="isPrime2" time="0.011" classname="com.test.PrimeNumberTest"/>
  <testcase name="isPrime4" time="0.006" classname="com.test.PrimeNumberTest"/>
</testsuite> <!-- com.test.PrimeNumberTest -->
