<?xml version="1.0" encoding="UTF-8"?>
<!-- Generated by org.testng.reporters.JUnitReportReporter -->
<testsuite hostname="gadiraju" name="com.test.HomePageTest" tests="3" failures="0" timestamp="6 May 2018 18:51:28 GMT" time="0.091" errors="0">
  <testcase name="loginTest" time="0.080" classname="com.test.HomePageTest"/>
  <testcase name="recordingsTest" time="0.008" classname="com.test.HomePageTest"/>
  <testcase name="presentationsTest" time="0.003" classname="com.test.HomePageTest"/>
</testsuite> <!-- com.test.HomePageTest -->
